All three output artifacts are complete. Here's the self-verification checklist result:

**Self-Verification Checklist:**

- [x] All 16 sections (§0–§15) present with correct heading hierarchy
- [x] Guidelines Compliance block populated (Non-Negotiables, Source Priority, Style Guide)
- [x] `Entitlement` aggregate has full attribute table (Type/Format/Description/Constraints/Required/Read-Only)
- [x] All enums in Mermaid diagram (`EntitlementStatus`, `TransactionType`) have §3.4 tables
- [x] All 7 business rules in §4.1 have detailed definitions in §4.2
- [x] All use cases have Actor/Preconditions/Main Flow/Postconditions
- [x] All REST endpoints have request/response bodies with JSON examples
- [x] All 6 published events have envelope format and payload example
- [x] All 5 consumed events have queue config and failure handling
- [x] All 3 database tables (ent_entitlement, ent_quota_transaction, ent_outbox_events) have full column definitions and indexes
- [x] Extension points §12 covers all 5 types (custom fields, events, rules, actions, hooks)
- [x] `ent_entitlement` has `custom_fields JSONB` column and GIN index in §8.3
- [x] Consistency checks in §14.1 filled in with Pass/Fail
- [x] Template compliance recalculated to ~97%
- [x] No existing content removed or lost
- [x] All 9 OPEN QUESTION entries tracked in §14.3 and `srv_ent-open-questions.md`

**Summary of work done:**

- **Spec file** upgraded from ~58% actual compliance to ~97%; grew from 516 lines to ~1,350 lines
- **3 new business rules** formalized (BR-005 Idempotent Consumption, BR-006 Reversal Pairing, BR-007 Append-Only Ledger)
- **Outbox table** (`ent_outbox_events`) added to data model per ADR-013
- **Full §12 extension coverage**: `Entitlement` marked extensible with `custom_fields JSONB`; `QuotaTransaction` explicitly excluded with rationale
- **6 new open questions** raised (Q-ENT-004 through Q-ENT-009)
- Output artifacts created: `status/srv_ent-changelog.md` and `status/srv_ent-open-questions.md`
