All 16 sections (§0–§15) are present. The upgraded spec is 2,350 lines.

**Self-verification checklist:**
- [x] All 16 sections (§0–§15) present with correct heading hierarchy
- [x] Guidelines Compliance block populated (Non-Negotiables, Source Priority, Style Guide)
- [x] Session aggregate has complete attribute table with Type/Format/Description/Constraints/Required/Read-Only
- [x] ProofArtifact child entity has attribute table
- [x] All enum types (SessionStatus, ProofType) have enumeration tables in §3.4
- [x] All 10 business rules in §4.1 have detailed definitions in §4.2
- [x] All use cases have Actor/Preconditions/Main Flow/Postconditions
- [x] All 8 REST endpoints have request/response JSON examples
- [x] All 5 published events have envelope format and payload example
- [x] All 4 consumed events have queue config and failure handling
- [x] All 3 database tables have full column definitions and indexes
- [x] Extension points §12 covers all 5 types (custom fields, events, rules, actions, hooks)
- [x] Session aggregate has `custom_fields JSONB` column in §8.3
- [x] Consistency checks in §14.1 are filled with Pass/Fail/Partial
- [x] Template compliance recalculated (~95%, minor: Port/Repository/outcomeCode vocabulary OPEN QUESTION)
- [x] No existing content removed
- [x] All 9 OPEN QUESTION entries tracked in §14.3 and ses-open-questions.md

---

Upgrade complete. Here's a summary:

**`srv_ses-spec.md`** — upgraded from v1.1 (616 lines) to v1.2 (**2,350 lines**)

**Major additions:**
| Section | What Was Added |
|---------|---------------|
| §4.2 | Detailed definitions for all 10 business rules (BR-001–BR-010) |
| §5 | §5.1 Logic placement, §5.3 sequence diagram, §5.4 three cross-domain workflows |
| §5.2 | Full Actor/Preconditions/Flow detail for 8 use cases (added RecordNoShow + AttachProofArtifact) |
| §6.2 | Full request/response JSON for all 8 endpoints (was 6 bullet points) |
| §7 | §7.1 architecture pattern, event envelopes for all 5 published events, queue config for all 4 consumed events, §7.4 flow diagram, §7.5 integration summary |
| §8.3 | Full column definitions for ses_session, ses_proof_artifact, ses_outbox_events |
| §9.3 | GDPR compliance controls (data minimization, erasure, portability, audit trail) |
| §10.3–10.4 | Scalability + maintainability (metrics, alerting thresholds) |
| §11 | Complete feature dependency register with BFF hints and impact assessment |
| §12 | Restructured to all 5 extension types; Session extensible with 5 field candidates |
| §13 | SAP CS migration mapping + deprecation framework |
| §14 | §14.1 consistency checks, §14.4 domain ADRs (ADR-SES-001–003), §14.5 suite ADR refs |

**Output artifacts:** `status/ses-changelog.md`, `status/ses-open-questions.md` (9 open questions)
