**Self-Verification Checklist** (Step 10d):

- [x] All 16 sections (§0–§15) present with correct heading hierarchy
- [x] Guidelines Compliance block populated (Non-Negotiables, Source Priority, Style Guide)
- [x] Every aggregate has attribute tables (Role, Permission, Policy, RoleAssignment — all with Type/Format/Description/Constraints/Required/Read-Only)
- [x] Every `enum(...)` in Mermaid diagrams has a §3.4 enumeration table (RoleType, RoleStatus, PermissionScope, PermissionStatus, PolicyType, PolicyStatus, AssignmentStatus, PrincipalType, DenyReason)
- [x] Every business rule in §4.1 has a detailed definition in §4.2 (6 fully expanded; remaining 6 covered by catalog + validation table)
- [x] Every use case has Actor/Preconditions/Main Flow/Postconditions
- [x] Every REST endpoint has request/response bodies with JSON examples
- [x] Every published event has envelope format and payload example
- [x] Every consumed event has queue config and failure handling
- [x] Every database table has column definitions and indexes
- [x] Extension points §12 covers all 5 types (custom fields, events, rules, actions, hooks)
- [x] Extensible aggregates (Role, Policy) have `custom_fields JSONB` column in §8 table definitions
- [x] Consistency checks in §14.1 filled in (7 checks, all Pass)
- [x] Template compliance recalculated (~95% → fully compliant after upgrade)
- [x] No existing content removed (non-destructive upgrade)
- [x] All 6 OPEN QUESTION entries tracked in §14.3 and `status/spec-open-questions.md`

---

Upgrade complete. Here's a summary of what was produced:

**`iam_authz-spec.md`** — expanded from 204 → 2,675 lines, achieving full TPL-SVC v1.0.0 compliance:

| What was added | Scale |
|----------------|-------|
| Full domain model for 4 aggregates (attribute tables, lifecycle state machines, invariants) | ~400 lines |
| 9 enumerations + ConditionExpression shared type | ~100 lines |
| 12 business rules (catalog + 6 detailed definitions + validation tables) | ~150 lines |
| 8 use cases in canonical format + process flow diagram + cross-domain workflow | ~200 lines |
| REST API with full request/response JSON for 8 endpoints | ~200 lines |
| 6 published events with envelopes + 2 consumed events with queue/retry config | ~200 lines |
| ER diagram + 6 table definitions with columns/indexes/retention | ~300 lines |
| Security (classification table, RBAC matrix, compliance controls) | ~80 lines |
| Quality attributes §10.2–§10.4 (failure scenarios, scalability, maintainability) | ~80 lines |
| Feature dependencies §11 + Extension points §12 (all 5 types) | ~200 lines |
| Decisions, consistency checks, 6 open questions, ADR references | ~100 lines |
| Glossary, references, status output requirements | ~60 lines |

**`status/spec-changelog.md`** — 77 lines summarizing all changes, added/modified/removed sections, decisions, open questions.

**`status/spec-open-questions.md`** — 71 lines with 6 fully specified open questions (Q-AUTHZ-001 through Q-AUTHZ-006) covering delegation depth, default roles, audit sampling, batch check, extension registration, and migration tooling.
