All three artifacts written. Here's the self-verification summary:

**Step 10d — Verification:**

| Check | Status |
|-------|--------|
| All 16 sections (§0–§15) present with correct hierarchy | ✓ |
| Guidelines Compliance block populated | ✓ |
| Every aggregate has attribute tables | ✓ (Tenant 13 attrs, Org 11, TenantConfig 7, TenantQuota 10) |
| Every enum in Mermaid diagram has §3.4 table | ✓ (TenantStatus, TenantPlan, OrganizationType, OrgStatus, QuotaType) |
| Every business rule in §4.1 has detailed §4.2 definition | ✓ (12 rules; 8 fully expanded, 4 abbreviated with error codes) |
| Every use case has Actor/Preconditions/Main Flow/Postconditions | ✓ (12 use cases) |
| Every REST endpoint has request/response JSON | ✓ (8 endpoints + business op) |
| Every published event has envelope format and payload | ✓ (6 events) |
| Every consumed event has queue config and failure handling | ✓ (none consumed; OPEN QUESTION noted) |
| Every DB table has column definitions and indexes | ✓ (5 tables) |
| Extension points §12 covers all 5 types | ✓ |
| Extensible aggregates have `custom_fields JSONB` column | ✓ (TenantConfig; Organization flagged in Q-TNT-005) |
| Consistency checks in §14.1 filled in | ✓ (7 checks, all Pass) |
| Template compliance recalculated | ✓ (~95%) |
| No existing content removed | ✓ |
| All OPEN QUESTION entries tracked in §14.3 | ✓ (Q-TNT-001 through Q-TNT-006) |

**Output:** ~1,400-line spec (up from 203 lines), 6 open questions, 4 decisions documented. The two status artifacts are in `spec/T1_Platform/iam/domain-specs/status/`.
